  Building 'kbfiltr' with toolset 'WindowsKernelModeDriver10.0' and the 'Windows Driver' target platform.
  Stamping x64\Debug\kbfiltr.inf
  Stamping [Version] section with DriverVer=11/28/2025,17.57.25.631
  kbfiltr.c
  kbfiltr.vcxproj -> C:\Users\user\Desktop\Новая папка\KbFilterDriver\sys\x64\Debug\kbfiltr.sys
  Done Adding Additional Store
  Successfully signed: C:\Users\user\Desktop\ \KbFilterDriver\sys\x64\Debug\kbfiltr.sys
  
  Driver is 'Windows Driver'.
  .........................
  Signability test complete.
  
  Errors:
  None
  
  Warnings:
  None
  
  Catalog generation complete.
  C:\Users\user\Desktop\Новая папка\KbFilterDriver\sys\x64\Debug\kbfiltr\kmdfsamples.cat
  Set catalog attribute.
  WdkVersion: 10.0.26100.0
  Set catalog attribute.
  WdkAssemblyVersion: 10.0.26100.6584
  Done Adding Additional Store
  Successfully signed: x64\Debug\kbfiltr\kmdfsamples.cat
  
